<?xml version="1.0" encoding="UTF-8"?>
<!-- Generated by org.testng.reporters.JUnitReportReporter -->
<testsuite hostname="BLR1-LP34YG622" name="com.test.TestNgBasics" tests="3" failures="0" timestamp="11 Apr 2018 01:41:50 GMT" time="0.012" errors="0">
  <testcase name="googleTitleTest" time="0.002" classname="com.test.TestNgBasics"/>
  <testcase name="googleLogoTest" time="0.009" classname="com.test.TestNgBasics"/>
  <testcase name="searchTest" time="0.001" classname="com.test.TestNgBasics"/>
</testsuite> <!-- com.test.TestNgBasics -->
